#
# A fatal error has been detected by the Java Runtime Environment:
#
#  SIGSEGV (0xb) at pc=0x0000000145a48edd, pid=23742, tid=0x0000000000000307
#
# JRE version: Java(TM) SE Runtime Environment (8.0_111-b14) (build 1.8.0_111-b14)
# Java VM: Java HotSpot(TM) 64-Bit Server VM (25.111-b14 mixed mode bsd-amd64 compressed oops)
# Problematic frame:
# C  [libjfxwebkit.dylib+0x48dedd]  JNIEnv_::CallIntMethod(_jobject*, _jmethodID*, ...)+0x7d
#
# Failed to write core dump. Core dumps have been disabled. To enable core dumping, try "ulimit -c unlimited" before starting Java again
#
# If you would like to submit a bug report, please visit:
#   http://bugreport.java.com/bugreport/crash.jsp
#

---------------  T H R E A D  ---------------

Current thread is native thread

siginfo: si_signo: 11 (SIGSEGV), si_code: 1 (SEGV_MAPERR), si_addr: 0x0000000000000000

Registers:
RAX=0x00007ffee7a87730, RBX=0x00007fffb3b78070, RCX=0x00007ffee7a87704, RDX=0x00007fae475352a0
RSP=0x00007ffee7a87640, RBP=0x00007ffee7a87720, RSI=0x00007fae403c1698, RDI=0x0000000000000000
R8 =0x000000000000003f, R9 =0x00007fae48d54060, R10=0x000007fae48d5698, R11=0x0000000000000049
R12=0x0000000000000001, R13=0x00007fae3e618660, R14=0x0000000000000000, R15=0x00007fae4285c838
RIP=0x0000000145a48edd, EFLAGS=0x0000000000010246, ERR=0x0000000000000004
  TRAPNO=0x000000000000000e

Top of Stack: (sp=0x00007ffee7a87640)
0x00007ffee7a87640:   00007fae4a000000 00007fff00000002
0x00007ffee7a87650:   00007fae48d68200 00007ffee7a87704
0x00007ffee7a87660:   000000000000003f 00007fae48d54060
0x00007ffee7a87670:   0000000000000004 0000000108191080
0x00007ffee7a87680:   00007ffee7a876e0 00007fff53217d66
0x00007ffee7a87690:   0000000108194e00 00007fffad5adbf0
0x00007ffee7a876a0:   00007fae48d5ef60 00007ffee7a87700
0x00007ffee7a876b0:   000000000000004f 000000000000004f
0x00007ffee7a876c0:   00007ffee7a876f0 00000001095251e7
0x00007ffee7a876d0:   0000000000000dfa 0000000000010002
0x00007ffee7a876e0:   00007ffee7a87730 0000000109a2ebd8
0x00007ffee7a876f0:   0000003000000018 00007ffee7a87730
0x00007ffee7a87700:   00007ffee7a87640 00007fae48908be0
0x00007ffee7a87710:   ab71af7388c10017 00000000ffffffff
0x00007ffee7a87720:   00007ffee7a87750 0000000146009c18
0x00007ffee7a87730:   0000000000000000 00007fae48908be0
0x00007ffee7a87740:   0000000000000001 00007fae489425e0
0x00007ffee7a87750:   00007ffee7a877a0 0000000145fe5706
0x00007ffee7a87760:   0000000000001400 0000000708193a00
0x00007ffee7a87770:   00007fae4285c838 00007fae48908be0
0x00007ffee7a87780:   0000000000000001 00007fae4a0e8c00
0x00007ffee7a87790:   0000000000000001 00007fae489425e0
0x00007ffee7a877a0:   00007ffee7a877e0 0000000145fe3c82
0x00007ffee7a877b0:   0000000108191080 0000000108191080
0x00007ffee7a877c0:   00007ffee7a87850 00007fff7ad14758
0x00007ffee7a877d0:   000000014707e200 0000000000000000
0x00007ffee7a877e0:   00007ffee7a87810 0000000145fd3cc5
0x00007ffee7a877f0:   0000000000000000 00007fae489425e0
0x00007ffee7a87800:   00007fae48d48ab0 0000000000000000
0x00007ffee7a87810:   00007ffee7a87830 0000000145e03b5f
0x00007ffee7a87820:   00007fae489425e0 00007fae48d48ab0
0x00007ffee7a87830:   00007ffee7a87850 0000000145e03b05 

Instructions: (pc=0x0000000145a48edd)
0x0000000145a48ebd:   8d 85 20 ff ff ff 48 89 45 e0 48 8d 45 10 48 89
0x0000000145a48ecd:   45 d8 c7 45 d4 30 00 00 00 c7 45 d0 18 00 00 00
0x0000000145a48edd:   48 8b 07 48 8d 4d d0 ff 90 90 01 00 00 48 8b 0b
0x0000000145a48eed:   48 3b 4d f0 75 0a 48 81 c4 d8 00 00 00 5b 5d c3 

Register to memory mapping:

RAX=0x00007ffee7a87730 is an unknown value
RBX=0x00007fffb3b78070: __stack_chk_guard+0 in /usr/lib/system/libsystem_c.dylib at 0x00007fff7aba4000
RCX=0x00007ffee7a87704 is an unknown value
RDX=0x00007fae475352a0 is an unknown value
RSP=0x00007ffee7a87640 is an unknown value
RBP=0x00007ffee7a87720 is an unknown value
RSI=0x00007fae403c1698 is a global jni handle
RDI=0x0000000000000000 is an unknown value
R8 =0x000000000000003f is an unknown value
R9 =0x00007fae48d54060 is an unknown value
R10=0x000007fae48d5698 is an unknown value
R11=0x0000000000000049 is an unknown value
R12=0x0000000000000001 is an unknown value
R13=0x00007fae3e618660 is an unknown value
R14=0x0000000000000000 is an unknown value
R15=0x00007fae4285c838 is an unknown value


Stack: [0x00007ffee728c000,0x00007ffee7a8c000],  sp=0x00007ffee7a87640,  free space=8173k
Native frames: (J=compiled Java code, j=interpreted, Vv=VM code, C=native code)
C  [libjfxwebkit.dylib+0x48dedd]  JNIEnv_::CallIntMethod(_jobject*, _jmethodID*, ...)+0x7d
C  [libjfxwebkit.dylib+0xa4ec18]  WebCore::FontPlatformData::hash() const+0xa8
C  [libjfxwebkit.dylib+0xa2a706]  WTF::KeyValuePair<WebCore::FontPlatformData, std::__1::pair<WTF::RefPtr<WebCore::SimpleFontData>, unsigned int> >* WTF::HashTable<WebCore::FontPlatformData, WTF::KeyValuePair<WebCore::FontPlatformData, std::__1::pair<WTF::RefPtr<WebCore::SimpleFontData>, unsigned int> >, WTF::KeyValuePairKeyExtractor<WTF::KeyValuePair<WebCore::FontPlatformData, std::__1::pair<WTF::RefPtr<WebCore::SimpleFontData>, unsigned int> > >, WebCore::FontDataCacheKeyHash, WTF::HashMap<WebCore::FontPlatformData, std::__1::pair<WTF::RefPtr<WebCore::SimpleFontData>, unsigned int>, WebCore::FontDataCacheKeyHash, WebCore::FontDataCacheKeyTraits, WTF::HashTraits<std::__1::pair<WTF::RefPtr<WebCore::SimpleFontData>, unsigned int> > >::KeyValuePairTraits, WebCore::FontDataCacheKeyTraits>::lookup<WTF::IdentityHashTranslator<WebCore::FontDataCacheKeyHash>, WebCore::FontPlatformData>(WebCore::FontPlatformData const&)+0x26
C  [libjfxwebkit.dylib+0xa28c82]  WebCore::FontCache::releaseFontData(WebCore::SimpleFontData const*)+0x22
C  [libjfxwebkit.dylib+0xa18cc5]  WebCore::FontGlyphs::releaseFontData()+0x55
C  [libjfxwebkit.dylib+0x848b5f]  WebCore::FontGlyphs::~FontGlyphs()+0xf
C  [libjfxwebkit.dylib+0x848b05]  WebCore::Font::~Font()+0x25
C  [libjfxwebkit.dylib+0xc5a782]  WebCore::StyleInheritedData::~StyleInheritedData()+0x12
C  [libjfxwebkit.dylib+0x540b09]  WebCore::RenderStyle::~RenderStyle()+0xd9
C  [libjfxwebkit.dylib+0x62c29b]  WebCore::StyleResolver::MatchedPropertiesCacheItem::~MatchedPropertiesCacheItem()+0x4b
C  [libjfxwebkit.dylib+0x6149ce]  WebCore::StyleResolver::~StyleResolver()+0x13e
C  [libjfxwebkit.dylib+0x656ca0]  WebCore::Document::~Document()+0x290
C  [libjfxwebkit.dylib+0x82910e]  WebCore::ImageDocument::~ImageDocument()+0xe
C  [libjfxwebkit.dylib+0xc48ad]  WebCore::JSNodeOwner::finalize(JSC::Handle<JSC::Unknown>, void*)+0xad
C  [libjfxwebkit.dylib+0xed57c8]  JSC::WeakBlock::sweep()+0x68
C  [libjfxwebkit.dylib+0xed5c78]  JSC::WeakSet::sweep()+0x28
C  [libjfxwebkit.dylib+0xee3c69]  JSC::MarkedBlock::sweep(JSC::MarkedBlock::SweepMode)+0x19
C  [libjfxwebkit.dylib+0xee0f89]  JSC::IncrementalSweeper::doSweep(double)+0x99
C  [libjfxwebkit.dylib+0xee0bbb]  JSC::HeapTimer::timerDidFire(__CFRunLoopTimer*, void*)+0xab
C  [CoreFoundation+0x8edd4]  __CFRUNLOOP_IS_CALLING_OUT_TO_A_TIMER_CALLBACK_FUNCTION__+0x14
C  [CoreFoundation+0x8ea47]  __CFRunLoopDoTimer+0x447
C  [CoreFoundation+0x8e54a]  __CFRunLoopDoTimers+0x15a
C  [CoreFoundation+0x85b4b]  __CFRunLoopRun+0x97b
C  [CoreFoundation+0x84f43]  CFRunLoopRunSpecific+0x1e3
C  [java+0x6465]  CreateExecutionEnvironment+0x367
C  [java+0x218c]  JLI_Launch+0x7a0
C  [java+0x84c2]  main+0x65
C  [java+0x19e4]  start+0x34


---------------  P R O C E S S  ---------------

VM state:at safepoint (normal execution)

VM Mutex/Monitor currently owned by a thread:  ([mutex/lock_event])
[0x00007fae3e608920] Threads_lock - owner thread: 0x00007fae42024000
[0x00007fae3e608e20] Heap_lock - owner thread: 0x00007fae4bcd3000

Heap:
 PSYoungGen      total 286208K, used 10926K [0x000000076ab00000, 0x0000000781300000, 0x00000007c0000000)
  eden space 247808K, 4% used [0x000000076ab00000,0x000000076b5ab998,0x0000000779d00000)
  from space 38400K, 0% used [0x0000000779d00000,0x0000000779d00000,0x000000077c280000)
  to   space 60416K, 0% used [0x000000077d800000,0x000000077d800000,0x0000000781300000)
 ParOldGen       total 237056K, used 118632K [0x00000006c0000000, 0x00000006ce780000, 0x000000076ab00000)
  object space 237056K, 50% used [0x00000006c0000000,0x00000006c73da048,0x00000006ce780000)
 Metaspace       used 26512K, capacity 28304K, committed 28416K, reserved 1073152K
  class space    used 3448K, capacity 3777K, committed 3840K, reserved 1048576K

Card table byte_map: [0x000000010a606000,0x000000010ae07000] byte_map_base: 0x0000000107006000

Marking Bits: (ParMarkBitMap*) 0x0000000109aefd20
 Begin Bits: [0x000000010b35d000, 0x000000010f35d000)
 End Bits:   [0x000000010f35d000, 0x000000011335d000)

Polling page: 0x00000001081f8000

CodeCache: size=245760Kb used=18660Kb max_used=18680Kb free=227099Kb
 bounds [0x0000000114d2e000, 0x0000000115f8e000, 0x0000000123d2e000]
 total_blobs=6336 nmethods=5525 adapters=723
 compilation: enabled

Compilation events (10 events):
Event: 139.615 Thread 0x00007fae3f803000 nmethod 6216 0x0000000115f74490 code [0x0000000115f745e0, 0x0000000115f74730]
Event: 139.616 Thread 0x00007fae4285c000 6217   !   4       java.lang.ref.Reference::tryHandlePending (115 bytes)
Event: 139.620 Thread 0x00007fae3f803000 6218       1       javafx.scene.web.DirectoryLock$Descriptor::access$100 (5 bytes)
Event: 139.620 Thread 0x00007fae3f803000 nmethod 6218 0x0000000115f75390 code [0x0000000115f754e0, 0x0000000115f755d0]
Event: 139.621 Thread 0x00007fae3f803000 6219  s    3       com.sun.webkit.graphics.Ref::deref (68 bytes)
Event: 139.621 Thread 0x00007fae4285c000 nmethod 6217 0x0000000115f80f90 code [0x0000000115f81140, 0x0000000115f81a90]
Event: 139.621 Thread 0x00007fae3f803000 nmethod 6219 0x0000000115f7f050 code [0x0000000115f7f2c0, 0x0000000115f80628]
Event: 139.621 Thread 0x00007fae3f803000 6220  s    3       com.sun.webkit.graphics.WCGraphicsManager::deref (18 bytes)
Event: 139.622 Thread 0x00007fae3f803000 nmethod 6220 0x0000000114f7f190 code [0x0000000114f7f380, 0x0000000114f7fe18]
Event: 139.634 Thread 0x00007fae3f803000 6221       3       java.util.logging.LogManager$LoggerContext::ensureDefaultLogger (70 bytes)

GC Heap History (10 events):
Event: 24.681 GC heap before
{Heap before GC invocations=9 (full 2):
 PSYoungGen      total 141312K, used 10228K [0x000000076ab00000, 0x000000077db00000, 0x00000007c0000000)
  eden space 131072K, 0% used [0x000000076ab00000,0x000000076ab00000,0x0000000772b00000)
  from space 10240K, 99% used [0x0000000772b00000,0x00000007734fd3d0,0x0000000773500000)
  to   space 25088K, 0% used [0x000000077c280000,0x000000077c280000,0x000000077db00000)
 ParOldGen       total 95232K, used 66623K [0x00000006c0000000, 0x00000006c5d00000, 0x000000076ab00000)
  object space 95232K, 69% used [0x00000006c0000000,0x00000006c410ff30,0x00000006c5d00000)
 Metaspace       used 24931K, capacity 26540K, committed 26752K, reserved 1073152K
  class space    used 3401K, capacity 3705K, committed 3712K, reserved 1048576K
Event: 24.742 GC heap after
Heap after GC invocations=9 (full 2):
 PSYoungGen      total 141312K, used 0K [0x000000076ab00000, 0x000000077db00000, 0x00000007c0000000)
  eden space 131072K, 0% used [0x000000076ab00000,0x000000076ab00000,0x0000000772b00000)
  from space 10240K, 0% used [0x0000000772b00000,0x0000000772b00000,0x0000000773500000)
  to   space 25088K, 0% used [0x000000077c280000,0x000000077c280000,0x000000077db00000)
 ParOldGen       total 163328K, used 60637K [0x00000006c0000000, 0x00000006c9f80000, 0x000000076ab00000)
  object space 163328K, 37% used [0x00000006c0000000,0x00000006c3b37798,0x00000006c9f80000)
 Metaspace       used 24931K, capacity 26540K, committed 26752K, reserved 1073152K
  class space    used 3401K, capacity 3705K, committed 3712K, reserved 1048576K
}
Event: 41.737 GC heap before
{Heap before GC invocations=10 (full 2):
 PSYoungGen      total 141312K, used 130637K [0x000000076ab00000, 0x000000077db00000, 0x00000007c0000000)
  eden space 131072K, 99% used [0x000000076ab00000,0x0000000772a93488,0x0000000772b00000)
  from space 10240K, 0% used [0x0000000772b00000,0x0000000772b00000,0x0000000773500000)
  to   space 25088K, 0% used [0x000000077c280000,0x000000077c280000,0x000000077db00000)
 ParOldGen       total 163328K, used 60637K [0x00000006c0000000, 0x00000006c9f80000, 0x000000076ab00000)
  object space 163328K, 37% used [0x00000006c0000000,0x00000006c3b37798,0x00000006c9f80000)
 Metaspace       used 25608K, capacity 27268K, committed 27648K, reserved 1073152K
  class space    used 3420K, capacity 3715K, committed 3840K, reserved 1048576K
Event: 41.753 GC heap after
Heap after GC invocations=10 (full 2):
 PSYoungGen      total 272896K, used 25060K [0x000000076ab00000, 0x000000077e800000, 0x00000007c0000000)
  eden space 247808K, 0% used [0x000000076ab00000,0x000000076ab00000,0x0000000779d00000)
  from space 25088K, 99% used [0x000000077c280000,0x000000077daf93f0,0x000000077db00000)
  to   space 38400K, 0% used [0x0000000779d00000,0x0000000779d00000,0x000000077c280000)
 ParOldGen       total 163328K, used 82024K [0x00000006c0000000, 0x00000006c9f80000, 0x000000076ab00000)
  object space 163328K, 50% used [0x00000006c0000000,0x00000006c501a128,0x00000006c9f80000)
 Metaspace       used 25608K, capacity 27268K, committed 27648K, reserved 1073152K
  class space    used 3420K, capacity 3715K, committed 3840K, reserved 1048576K
}
Event: 91.619 GC heap before
{Heap before GC invocations=11 (full 2):
 PSYoungGen      total 272896K, used 201117K [0x000000076ab00000, 0x000000077e800000, 0x00000007c0000000)
  eden space 247808K, 71% used [0x000000076ab00000,0x00000007756ee218,0x0000000779d00000)
  from space 25088K, 99% used [0x000000077c280000,0x000000077daf93f0,0x000000077db00000)
  to   space 38400K, 0% used [0x0000000779d00000,0x0000000779d00000,0x000000077c280000)
 ParOldGen       total 163328K, used 82024K [0x00000006c0000000, 0x00000006c9f80000, 0x000000076ab00000)
  object space 163328K, 50% used [0x00000006c0000000,0x00000006c501a128,0x00000006c9f80000)
 Metaspace       used 26090K, capacity 27810K, committed 27904K, reserved 1073152K
  class space    used 3433K, capacity 3756K, committed 3840K, reserved 1048576K
Event: 91.650 GC heap after
Heap after GC invocations=11 (full 2):
 PSYoungGen      total 286208K, used 38370K [0x000000076ab00000, 0x0000000781300000, 0x00000007c0000000)
  eden space 247808K, 0% used [0x000000076ab00000,0x000000076ab00000,0x0000000779d00000)
  from space 38400K, 99% used [0x0000000779d00000,0x000000077c2788c0,0x000000077c280000)
  to   space 60416K, 0% used [0x000000077d800000,0x000000077d800000,0x0000000781300000)
 ParOldGen       total 163328K, used 120884K [0x00000006c0000000, 0x00000006c9f80000, 0x000000076ab00000)
  object space 163328K, 74% used [0x00000006c0000000,0x00000006c760d0c0,0x00000006c9f80000)
 Metaspace       used 26090K, capacity 27810K, committed 27904K, reserved 1073152K
  class space    used 3433K, capacity 3756K, committed 3840K, reserved 1048576K
}
Event: 91.650 GC heap before
{Heap before GC invocations=12 (full 3):
 PSYoungGen      total 286208K, used 38370K [0x000000076ab00000, 0x0000000781300000, 0x00000007c0000000)
  eden space 247808K, 0% used [0x000000076ab00000,0x000000076ab00000,0x0000000779d00000)
  from space 38400K, 99% used [0x0000000779d00000,0x000000077c2788c0,0x000000077c280000)
  to   space 60416K, 0% used [0x000000077d800000,0x000000077d800000,0x0000000781300000)
 ParOldGen       total 163328K, used 120884K [0x00000006c0000000, 0x00000006c9f80000, 0x000000076ab00000)
  object space 163328K, 74% used [0x00000006c0000000,0x00000006c760d0c0,0x00000006c9f80000)
 Metaspace       used 26090K, capacity 27810K, committed 27904K, reserved 1073152K
  class space    used 3433K, capacity 3756K, committed 3840K, reserved 1048576K
Event: 91.729 GC heap after
Heap after GC invocations=12 (full 3):
 PSYoungGen      total 286208K, used 0K [0x000000076ab00000, 0x0000000781300000, 0x00000007c0000000)
  eden space 247808K, 0% used [0x000000076ab00000,0x000000076ab00000,0x0000000779d00000)
  from space 38400K, 0% used [0x0000000779d00000,0x0000000779d00000,0x000000077c280000)
  to   space 60416K, 0% used [0x000000077d800000,0x000000077d800000,0x0000000781300000)
 ParOldGen       total 163328K, used 134050K [0x00000006c0000000, 0x00000006c9f80000, 0x000000076ab00000)
  object space 163328K, 82% used [0x00000006c0000000,0x00000006c82e8a38,0x00000006c9f80000)
 Metaspace       used 26090K, capacity 27810K, committed 27904K, reserved 1073152K
  class space    used 3433K, capacity 3756K, committed 3840K, reserved 1048576K
}
Event: 139.573 GC heap before
{Heap before GC invocations=13 (full 4):
 PSYoungGen      total 286208K, used 247808K [0x000000076ab00000, 0x0000000781300000, 0x00000007c0000000)
  eden space 247808K, 100% used [0x000000076ab00000,0x0000000779d00000,0x0000000779d00000)
  from space 38400K, 0% used [0x0000000779d00000,0x0000000779d00000,0x000000077c280000)
  to   space 60416K, 0% used [0x000000077d800000,0x000000077d800000,0x0000000781300000)
 ParOldGen       total 163328K, used 134050K [0x00000006c0000000, 0x00000006c9f80000, 0x000000076ab00000)
  object space 163328K, 82% used [0x00000006c0000000,0x00000006c82e8a38,0x00000006c9f80000)
 Metaspace       used 26488K, capacity 28274K, committed 28416K, reserved 1073152K
  class space    used 3443K, capacity 3770K, committed 3840K, reserved 1048576K
Event: 139.615 GC heap after
Heap after GC invocations=13 (full 4):
 PSYoungGen      total 286208K, used 0K [0x000000076ab00000, 0x0000000781300000, 0x00000007c0000000)
  eden space 247808K, 0% used [0x000000076ab00000,0x000000076ab00000,0x0000000779d00000)
  from space 38400K, 0% used [0x0000000779d00000,0x0000000779d00000,0x000000077c280000)
  to   space 60416K, 0% used [0x000000077d800000,0x000000077d800000,0x0000000781300000)
 ParOldGen       total 237056K, used 118632K [0x00000006c0000000, 0x00000006ce780000, 0x000000076ab00000)
  object space 237056K, 50% used [0x00000006c0000000,0x00000006c73da048,0x00000006ce780000)
 Metaspace       used 26488K, capacity 28274K, committed 28416K, reserved 1073152K
  class space    used 3443K, capacity 3770K, committed 3840K, reserved 1048576K
}

Deoptimization events (10 events):
Event: 138.617 Thread 0x00007fae41816000 Uncommon trap: reason=class_check action=maybe_recompile pc=0x000000011549a7ac method=javafx.event.Event.copyFor(Ljava/lang/Object;Ljavafx/event/EventTarget;)Ljavafx/event/Event; @ 4
Event: 139.353 Thread 0x00007fae41816000 Uncommon trap: reason=speculate_class_check action=maybe_recompile pc=0x0000000115c3cc38 method=com.sun.javafx.scene.EnteredExitedHandler.dispatchCapturingEvent(Ljavafx/event/Event;)Ljavafx/event/Event; @ 12
Event: 139.552 Thread 0x00007fae41816000 Uncommon trap: reason=speculate_class_check action=maybe_recompile pc=0x0000000115c3cc38 method=com.sun.javafx.scene.EnteredExitedHandler.dispatchCapturingEvent(Ljavafx/event/Event;)Ljavafx/event/Event; @ 12
Event: 139.554 Thread 0x00007fae41816000 Uncommon trap: reason=unstable_if action=reinterpret pc=0x0000000115bfbcd0 method=com.sun.javafx.tk.quantum.QuantumToolkit.runWithoutRenderLock(Ljava/util/function/Supplier;)Ljava/lang/Object; @ 8
Event: 139.620 Thread 0x00007fae41816000 Uncommon trap: reason=unstable_if action=reinterpret pc=0x00000001159097e0 method=javafx.scene.web.WebView.isTreeReallyVisible()Z @ 53
Event: 139.632 Thread 0x00007fae41816000 Uncommon trap: reason=bimorphic action=maybe_recompile pc=0x000000011583fd10 method=java.util.AbstractCollection.toArray()[Ljava/lang/Object; @ 52
Event: 139.633 Thread 0x00007fae41816000 Uncommon trap: reason=unstable_if action=reinterpret pc=0x0000000115c29a70 method=java.util.concurrent.locks.ReentrantLock$NonfairSync.lock()V @ 6
Event: 139.633 Thread 0x00007fae41816000 Uncommon trap: reason=unstable_if action=reinterpret pc=0x000000011519e5b8 method=java.util.concurrent.locks.ReentrantLock$Sync.nonfairTryAcquire(I)Z @ 10
Event: 139.633 Thread 0x00007fae41816000 Uncommon trap: reason=unstable_if action=reinterpret pc=0x0000000115b640a4 method=java.util.concurrent.locks.ReentrantLock$Sync.tryRelease(I)Z @ 28
Event: 139.633 Thread 0x00007fae41022800 Uncommon trap: reason=unstable_if action=reinterpret pc=0x0000000115d4b044 method=java.util.concurrent.locks.AbstractQueuedSynchronizer$ConditionObject.checkInterruptWhileWaiting(Ljava/util/concurrent/locks/AbstractQueuedSynchronizer$Node;)I @ 3

Internal exceptions (10 events):
Event: 137.075 Thread 0x00007fae41816000 Exception <a 'sun/nio/fs/UnixException'> (0x00000007776cc030) thrown at [/Users/java_re/workspace/8-2-build-macosx-x86_64/jdk8u111/7883/hotspot/src/share/vm/prims/jni.cpp, line 709]
Event: 137.076 Thread 0x00007fae41816000 Exception <a 'sun/nio/fs/UnixException'> (0x00000007776cd9c8) thrown at [/Users/java_re/workspace/8-2-build-macosx-x86_64/jdk8u111/7883/hotspot/src/share/vm/prims/jni.cpp, line 709]
Event: 137.076 Thread 0x00007fae41816000 Exception <a 'sun/nio/fs/UnixException'> (0x00000007776d85e8) thrown at [/Users/java_re/workspace/8-2-build-macosx-x86_64/jdk8u111/7883/hotspot/src/share/vm/prims/jni.cpp, line 709]
Event: 137.076 Thread 0x00007fae41816000 Exception <a 'sun/nio/fs/UnixException'> (0x00000007776d9f80) thrown at [/Users/java_re/workspace/8-2-build-macosx-x86_64/jdk8u111/7883/hotspot/src/share/vm/prims/jni.cpp, line 709]
Event: 137.077 Thread 0x00007fae41816000 Exception <a 'sun/nio/fs/UnixException'> (0x00000007776e4bb8) thrown at [/Users/java_re/workspace/8-2-build-macosx-x86_64/jdk8u111/7883/hotspot/src/share/vm/prims/jni.cpp, line 709]
Event: 137.077 Thread 0x00007fae41816000 Exception <a 'sun/nio/fs/UnixException'> (0x00000007776e6550) thrown at [/Users/java_re/workspace/8-2-build-macosx-x86_64/jdk8u111/7883/hotspot/src/share/vm/prims/jni.cpp, line 709]
Event: 137.078 Thread 0x00007fae41816000 Exception <a 'sun/nio/fs/UnixException'> (0x00000007776f11f0) thrown at [/Users/java_re/workspace/8-2-build-macosx-x86_64/jdk8u111/7883/hotspot/src/share/vm/prims/jni.cpp, line 709]
Event: 137.078 Thread 0x00007fae41816000 Exception <a 'sun/nio/fs/UnixException'> (0x00000007776f2b88) thrown at [/Users/java_re/workspace/8-2-build-macosx-x86_64/jdk8u111/7883/hotspot/src/share/vm/prims/jni.cpp, line 709]
Event: 137.079 Thread 0x00007fae41816000 Exception <a 'sun/nio/fs/UnixException'> (0x00000007776fd7c0) thrown at [/Users/java_re/workspace/8-2-build-macosx-x86_64/jdk8u111/7883/hotspot/src/share/vm/prims/jni.cpp, line 709]
Event: 137.079 Thread 0x00007fae41816000 Exception <a 'sun/nio/fs/UnixException'> (0x00000007776ff158) thrown at [/Users/java_re/workspace/8-2-build-macosx-x86_64/jdk8u111/7883/hotspot/src/share/vm/prims/jni.cpp, line 709]

Events (10 events):
Event: 139.634 loading class java/util/IdentityHashMap$KeyIterator done
Event: 139.634 Thread 0x00007fae4a495000 Thread added: 0x00007fae4a495000
Event: 139.634 Thread 0x00007fae4a0e8000 Thread added: 0x00007fae4a0e8000
Event: 139.634 Executing VM operation: RevokeBias
Event: 139.634 Executing VM operation: RevokeBias done
Event: 139.634 loading class com/sun/javafx/font/PrismFontFile
Event: 139.634 loading class com/sun/javafx/font/PrismFontFile done
Event: 139.634 Thread 0x00007fae4a495000 Thread exited: 0x00007fae4a495000
Event: 139.634 Thread 0x00007fae4a0e8000 Thread exited: 0x00007fae4a0e8000
Event: 139.634 Thread 0x00007fae4bcd3000 Thread exited: 0x00007fae4bcd3000


Dynamic libraries:
0x000000002b7fd000 	/System/Library/Frameworks/Cocoa.framework/Versions/A/Cocoa
0x000000002b7fd000 	/System/Library/Frameworks/Security.framework/Versions/A/Security
0x000000002b7fd000 	/System/Library/Frameworks/ApplicationServices.framework/Versions/A/ApplicationServices
0x000000002b7fd000 	/usr/lib/libz.1.dylib
0x000000002b7fd000 	/usr/lib/libSystem.B.dylib
0x000000002b7fd000 	/usr/lib/libobjc.A.dylib
0x000000002b7fd000 	/System/Library/Frameworks/CoreFoundation.framework/Versions/A/CoreFoundation
0x000000002b7fd000 	/System/Library/Frameworks/Foundation.framework/Versions/C/Foundation
0x000000002b7fd000 	/System/Library/Frameworks/AppKit.framework/Versions/C/AppKit
0x000000002b7fd000 	/System/Library/Frameworks/CoreData.framework/Versions/A/CoreData
0x000000002b7fd000 	/System/Library/PrivateFrameworks/RemoteViewServices.framework/Versions/A/RemoteViewServices
0x000000002b7fd000 	/System/Library/PrivateFrameworks/UIFoundation.framework/Versions/A/UIFoundation
0x000000002b7fd000 	/System/Library/PrivateFrameworks/DFRFoundation.framework/Versions/A/DFRFoundation
0x000000002b7fd000 	/System/Library/Frameworks/Metal.framework/Versions/A/Metal
0x000000002b7fd000 	/System/Library/PrivateFrameworks/DesktopServicesPriv.framework/Versions/A/DesktopServicesPriv
0x000000002b7fd000 	/usr/lib/libenergytrace.dylib
0x000000002b7fd000 	/System/Library/PrivateFrameworks/SkyLight.framework/Versions/A/SkyLight
0x000000002b7fd000 	/System/Library/Frameworks/CoreGraphics.framework/Versions/A/CoreGraphics
0x000000002b7fd000 	/usr/lib/libScreenReader.dylib
0x000000002b7fd000 	/System/Library/Frameworks/Accelerate.framework/Versions/A/Accelerate
0x000000002b7fd000 	/System/Library/Frameworks/IOSurface.framework/Versions/A/IOSurface
0x000000002b7fd000 	/System/Library/Frameworks/AudioToolbox.framework/Versions/A/AudioToolbox
0x000000002b7fd000 	/System/Library/Frameworks/AudioUnit.framework/Versions/A/AudioUnit
0x000000002b7fd000 	/System/Library/PrivateFrameworks/DataDetectorsCore.framework/Versions/A/DataDetectorsCore
0x000000002b7fd000 	/System/Library/Frameworks/Carbon.framework/Versions/A/Frameworks/HIToolbox.framework/Versions/A/HIToolbox
0x000000002b7fd000 	/usr/lib/libicucore.A.dylib
0x000000002b7fd000 	/System/Library/Frameworks/QuartzCore.framework/Versions/A/QuartzCore
0x000000002b7fd000 	/System/Library/Frameworks/Carbon.framework/Versions/A/Frameworks/SpeechRecognition.framework/Versions/A/SpeechRecognition
0x000000002b7fd000 	/usr/lib/libauto.dylib
0x000000002b7fd000 	/usr/lib/libxml2.2.dylib
0x000000002b7fd000 	/System/Library/PrivateFrameworks/CoreUI.framework/Versions/A/CoreUI
0x000000002b7fd000 	/System/Library/Frameworks/CoreAudio.framework/Versions/A/CoreAudio
0x000000002b7fd000 	/System/Library/Frameworks/DiskArbitration.framework/Versions/A/DiskArbitration
0x000000002b7fd000 	/usr/lib/liblangid.dylib
0x000000002b7fd000 	/System/Library/PrivateFrameworks/MultitouchSupport.framework/Versions/A/MultitouchSupport
0x000000002b7fd000 	/System/Library/Frameworks/IOKit.framework/Versions/A/IOKit
0x000000002b7fd000 	/usr/lib/libDiagnosticMessagesClient.dylib
0x000000002b7fd000 	/System/Library/Frameworks/CoreServices.framework/Versions/A/CoreServices
0x000000002b7fd000 	/System/Library/PrivateFrameworks/PerformanceAnalysis.framework/Versions/A/PerformanceAnalysis
0x000000002b7fd000 	/System/Library/Frameworks/OpenGL.framework/Versions/A/OpenGL
0x000000002b7fd000 	/System/Library/Frameworks/ColorSync.framework/Versions/A/ColorSync
0x000000002b7fd000 	/System/Library/Frameworks/CoreImage.framework/Versions/A/CoreImage
0x000000002b7fd000 	/System/Library/Frameworks/CoreText.framework/Versions/A/CoreText
0x000000002b7fd000 	/System/Library/Frameworks/ImageIO.framework/Versions/A/ImageIO
0x000000002b7fd000 	/System/Library/PrivateFrameworks/Backup.framework/Versions/A/Backup
0x000000002b7fd000 	/usr/lib/libarchive.2.dylib
0x000000002b7fd000 	/System/Library/Frameworks/CFNetwork.framework/Versions/A/CFNetwork
0x000000002b7fd000 	/System/Library/Frameworks/SystemConfiguration.framework/Versions/A/SystemConfiguration
0x000000002b7fd000 	/usr/lib/libCRFSuite.dylib
0x000000002b7fd000 	/usr/lib/libc++.1.dylib
0x000000002b7fd000 	/usr/lib/libc++abi.dylib
0x000000002b7fd000 	/usr/lib/system/libcache.dylib
0x000000002b7fd000 	/usr/lib/system/libcommonCrypto.dylib
0x000000002b7fd000 	/usr/lib/system/libcompiler_rt.dylib
0x000000002b7fd000 	/usr/lib/system/libcopyfile.dylib
0x000000002b7fd000 	/usr/lib/system/libcorecrypto.dylib
0x000000002b7fd000 	/usr/lib/system/libdispatch.dylib
0x000000002b7fd000 	/usr/lib/system/libdyld.dylib
0x000000002b7fd000 	/usr/lib/system/libkeymgr.dylib
0x000000002b7fd000 	/usr/lib/system/liblaunch.dylib
0x000000002b7fd000 	/usr/lib/system/libmacho.dylib
0x000000002b7fd000 	/usr/lib/system/libquarantine.dylib
0x000000002b7fd000 	/usr/lib/system/libremovefile.dylib
0x000000002b7fd000 	/usr/lib/system/libsystem_asl.dylib
0x000000002b7fd000 	/usr/lib/system/libsystem_blocks.dylib
0x000000002b7fd000 	/usr/lib/system/libsystem_c.dylib
0x000000002b7fd000 	/usr/lib/system/libsystem_configuration.dylib
0x000000002b7fd000 	/usr/lib/system/libsystem_coreservices.dylib
0x000000002b7fd000 	/usr/lib/system/libsystem_darwin.dylib
0x000000002b7fd000 	/usr/lib/system/libsystem_dnssd.dylib
0x000000002b7fd000 	/usr/lib/system/libsystem_info.dylib
0x000000002b7fd000 	/usr/lib/system/libsystem_m.dylib
0x000000002b7fd000 	/usr/lib/system/libsystem_malloc.dylib
0x000000002b7fd000 	/usr/lib/system/libsystem_network.dylib
0x000000002b7fd000 	/usr/lib/system/libsystem_networkextension.dylib
0x000000002b7fd000 	/usr/lib/system/libsystem_notify.dylib
0x000000002b7fd000 	/usr/lib/system/libsystem_sandbox.dylib
0x000000002b7fd000 	/usr/lib/system/libsystem_secinit.dylib
0x000000002b7fd000 	/usr/lib/system/libsystem_kernel.dylib
0x000000002b7fd000 	/usr/lib/system/libsystem_platform.dylib
0x000000002b7fd000 	/usr/lib/system/libsystem_pthread.dylib
0x000000002b7fd000 	/usr/lib/system/libsystem_symptoms.dylib
0x000000002b7fd000 	/usr/lib/system/libsystem_trace.dylib
0x000000002b7fd000 	/usr/lib/system/libunwind.dylib
0x000000002b7fd000 	/usr/lib/system/libxpc.dylib
0x000000002b7fd000 	/usr/lib/closure/libclosured.dylib
0x000000002b7fd000 	/usr/lib/libbsm.0.dylib
0x000000002b7fd000 	/usr/lib/system/libkxld.dylib
0x000000002b7fd000 	/usr/lib/libOpenScriptingUtil.dylib
0x000000002b7fd000 	/usr/lib/libcoretls.dylib
0x000000002b7fd000 	/usr/lib/libcoretls_cfhelpers.dylib
0x000000002b7fd000 	/usr/lib/libpam.2.dylib
0x000000002b7fd000 	/usr/lib/libsqlite3.dylib
0x000000002b7fd000 	/usr/lib/libxar.1.dylib
0x000000002b7fd000 	/usr/lib/libbz2.1.0.dylib
0x000000002b7fd000 	/usr/lib/liblzma.5.dylib
0x000000002b7fd000 	/usr/lib/libnetwork.dylib
0x000000002b7fd000 	/usr/lib/libapple_nghttp2.dylib
0x000000002b7fd000 	/usr/lib/libpcap.A.dylib
0x000000002b7fd000 	/usr/lib/libboringssl.dylib
0x000000002b7fd000 	/usr/lib/libusrtcp.dylib
0x000000002b7fd000 	/usr/lib/libapple_crypto.dylib
0x000000002b7fd000 	/System/Library/Frameworks/CoreServices.framework/Versions/A/Frameworks/FSEvents.framework/Versions/A/FSEvents
0x000000002b7fd000 	/System/Library/Frameworks/CoreServices.framework/Versions/A/Frameworks/CarbonCore.framework/Versions/A/CarbonCore
0x000000002b7fd000 	/System/Library/Frameworks/CoreServices.framework/Versions/A/Frameworks/Metadata.framework/Versions/A/Metadata
0x000000002b7fd000 	/System/Library/Frameworks/CoreServices.framework/Versions/A/Frameworks/OSServices.framework/Versions/A/OSServices
0x000000002b7fd000 	/System/Library/Frameworks/CoreServices.framework/Versions/A/Frameworks/SearchKit.framework/Versions/A/SearchKit
0x000000002b7fd000 	/System/Library/Frameworks/CoreServices.framework/Versions/A/Frameworks/AE.framework/Versions/A/AE
0x000000002b7fd000 	/System/Library/Frameworks/CoreServices.framework/Versions/A/Frameworks/LaunchServices.framework/Versions/A/LaunchServices
0x000000002b7fd000 	/System/Library/Frameworks/CoreServices.framework/Versions/A/Frameworks/DictionaryServices.framework/Versions/A/DictionaryServices
0x000000002b7fd000 	/System/Library/Frameworks/CoreServices.framework/Versions/A/Frameworks/SharedFileList.framework/Versions/A/SharedFileList
0x000000002b7fd000 	/System/Library/Frameworks/NetFS.framework/Versions/A/NetFS
0x000000002b7fd000 	/System/Library/PrivateFrameworks/NetAuth.framework/Versions/A/NetAuth
0x000000002b7fd000 	/System/Library/PrivateFrameworks/login.framework/Versions/A/Frameworks/loginsupport.framework/Versions/A/loginsupport
0x000000002b7fd000 	/System/Library/PrivateFrameworks/TCC.framework/Versions/A/TCC
0x000000002b7fd000 	/usr/lib/libmecabra.dylib
0x000000002b7fd000 	/System/Library/Frameworks/ApplicationServices.framework/Versions/A/Frameworks/ATS.framework/Versions/A/ATS
0x000000002b7fd000 	/System/Library/Frameworks/ApplicationServices.framework/Versions/A/Frameworks/ColorSyncLegacy.framework/Versions/A/ColorSyncLegacy
0x000000002b7fd000 	/System/Library/Frameworks/ApplicationServices.framework/Versions/A/Frameworks/HIServices.framework/Versions/A/HIServices
0x000000002b7fd000 	/System/Library/Frameworks/ApplicationServices.framework/Versions/A/Frameworks/LangAnalysis.framework/Versions/A/LangAnalysis
0x000000002b7fd000 	/System/Library/Frameworks/ApplicationServices.framework/Versions/A/Frameworks/PrintCore.framework/Versions/A/PrintCore
0x000000002b7fd000 	/System/Library/Frameworks/ApplicationServices.framework/Versions/A/Frameworks/QD.framework/Versions/A/QD
0x000000002b7fd000 	/System/Library/Frameworks/ApplicationServices.framework/Versions/A/Frameworks/SpeechSynthesis.framework/Versions/A/SpeechSynthesis
0x000000002b7fd000 	/System/Library/Frameworks/CoreDisplay.framework/Versions/A/CoreDisplay
0x000000002b7fd000 	/System/Library/Frameworks/Accelerate.framework/Versions/A/Frameworks/vImage.framework/Versions/A/vImage
0x000000002b7fd000 	/System/Library/Frameworks/Accelerate.framework/Versions/A/Frameworks/vecLib.framework/Versions/A/vecLib
0x000000002b7fd000 	/System/Library/Frameworks/Accelerate.framework/Versions/A/Frameworks/vecLib.framework/Versions/A/libvDSP.dylib
0x000000002b7fd000 	/System/Library/Frameworks/Accelerate.framework/Versions/A/Frameworks/vecLib.framework/Versions/A/libBNNS.dylib
0x000000002b7fd000 	/System/Library/Frameworks/Accelerate.framework/Versions/A/Frameworks/vecLib.framework/Versions/A/libQuadrature.dylib
0x000000002b7fd000 	/System/Library/Frameworks/Accelerate.framework/Versions/A/Frameworks/vecLib.framework/Versions/A/libvMisc.dylib
0x000000002b7fd000 	/System/Library/Frameworks/Accelerate.framework/Versions/A/Frameworks/vecLib.framework/Versions/A/libLAPACK.dylib
0x000000002b7fd000 	/System/Library/Frameworks/Accelerate.framework/Versions/A/Frameworks/vecLib.framework/Versions/A/libBLAS.dylib
0x000000002b7fd000 	/System/Library/Frameworks/Accelerate.framework/Versions/A/Frameworks/vecLib.framework/Versions/A/libLinearAlgebra.dylib
0x000000002b7fd000 	/System/Library/Frameworks/Accelerate.framework/Versions/A/Frameworks/vecLib.framework/Versions/A/libSparse.dylib
0x000000002b7fd000 	/System/Library/Frameworks/Accelerate.framework/Versions/A/Frameworks/vecLib.framework/Versions/A/libSparseBLAS.dylib
0x000000002b7fd000 	/System/Library/PrivateFrameworks/IOAccelerator.framework/Versions/A/IOAccelerator
0x000000002b7fd000 	/System/Library/PrivateFrameworks/IOPresentment.framework/Versions/A/IOPresentment
0x000000002b7fd000 	/System/Library/PrivateFrameworks/DSExternalDisplay.framework/Versions/A/DSExternalDisplay
0x000000002b7fd000 	/System/Library/Frameworks/OpenGL.framework/Versions/A/Libraries/libCoreFSCache.dylib
0x000000002b7fd000 	/System/Library/Frameworks/CoreVideo.framework/Versions/A/CoreVideo
0x000000002b7fd000 	/System/Library/PrivateFrameworks/GraphVisualizer.framework/Versions/A/GraphVisualizer
0x000000002b7fd000 	/System/Library/Frameworks/MetalPerformanceShaders.framework/Versions/A/MetalPerformanceShaders
0x000000002b7fd000 	/usr/lib/libFosl_dynamic.dylib
0x000000002b7fd000 	/System/Library/PrivateFrameworks/FaceCore.framework/Versions/A/FaceCore
0x000000002b7fd000 	/System/Library/Frameworks/OpenCL.framework/Versions/A/OpenCL
0x000000002b7fd000 	/usr/lib/libcompression.dylib
0x000000002b7fd000 	/System/Library/Frameworks/ApplicationServices.framework/Versions/A/Frameworks/ATS.framework/Versions/A/Resources/libFontParser.dylib
0x000000002b7fd000 	/System/Library/Frameworks/ApplicationServices.framework/Versions/A/Frameworks/ATS.framework/Versions/A/Resources/libFontRegistry.dylib
0x000000002b7fd000 	/System/Library/Frameworks/ImageIO.framework/Versions/A/Resources/libJPEG.dylib
0x000000002b7fd000 	/System/Library/Frameworks/ImageIO.framework/Versions/A/Resources/libTIFF.dylib
0x000000002b7fd000 	/System/Library/Frameworks/ImageIO.framework/Versions/A/Resources/libPng.dylib
0x000000002b7fd000 	/System/Library/Frameworks/ImageIO.framework/Versions/A/Resources/libGIF.dylib
0x000000002b7fd000 	/System/Library/Frameworks/ImageIO.framework/Versions/A/Resources/libJP2.dylib
0x000000002b7fd000 	/System/Library/Frameworks/ImageIO.framework/Versions/A/Resources/libRadiance.dylib
0x000000002b7fd000 	/System/Library/PrivateFrameworks/AppleJPEG.framework/Versions/A/AppleJPEG
0x000000002b7fd000 	/System/Library/PrivateFrameworks/MetalTools.framework/Versions/A/MetalTools
0x000000002b7fd000 	/System/Library/Frameworks/MetalPerformanceShaders.framework/Frameworks/MPSCore.framework/Versions/A/MPSCore
0x000000002b7fd000 	/System/Library/Frameworks/MetalPerformanceShaders.framework/Frameworks/MPSImage.framework/Versions/A/MPSImage
0x000000002b7fd000 	/System/Library/Frameworks/MetalPerformanceShaders.framework/Frameworks/MPSMatrix.framework/Versions/A/MPSMatrix
0x000000002b7fd000 	/System/Library/Frameworks/MetalPerformanceShaders.framework/Frameworks/MPSNeuralNetwork.framework/Versions/A/MPSNeuralNetwork
0x000000002b7fd000 	/System/Library/Frameworks/OpenGL.framework/Versions/A/Libraries/libGLU.dylib
0x000000002b7fd000 	/System/Library/Frameworks/OpenGL.framework/Versions/A/Libraries/libGFXShared.dylib
0x000000002b7fd000 	/System/Library/Frameworks/OpenGL.framework/Versions/A/Libraries/libGL.dylib
0x000000002b7fd000 	/System/Library/Frameworks/OpenGL.framework/Versions/A/Libraries/libGLImage.dylib
0x000000002b7fd000 	/System/Library/Frameworks/OpenGL.framework/Versions/A/Libraries/libCVMSPluginSupport.dylib
0x000000002b7fd000 	/System/Library/Frameworks/OpenGL.framework/Versions/A/Libraries/libCoreVMClient.dylib
0x000000002b7fd000 	/usr/lib/libcups.2.dylib
0x000000002b7fd000 	/System/Library/Frameworks/Kerberos.framework/Versions/A/Kerberos
0x000000002b7fd000 	/System/Library/Frameworks/GSS.framework/Versions/A/GSS
0x000000002b7fd000 	/usr/lib/libresolv.9.dylib
0x000000002b7fd000 	/usr/lib/libiconv.2.dylib
0x000000002b7fd000 	/System/Library/PrivateFrameworks/Heimdal.framework/Versions/A/Heimdal
0x000000002b7fd000 	/usr/lib/libheimdal-asn1.dylib
0x000000002b7fd000 	/System/Library/Frameworks/OpenDirectory.framework/Versions/A/OpenDirectory
0x000000002b7fd000 	/System/Library/PrivateFrameworks/CommonAuth.framework/Versions/A/CommonAuth
0x000000002b7fd000 	/System/Library/Frameworks/OpenDirectory.framework/Versions/A/Frameworks/CFOpenDirectory.framework/Versions/A/CFOpenDirectory
0x000000002b7fd000 	/System/Library/Frameworks/SecurityFoundation.framework/Versions/A/SecurityFoundation
0x000000002b7fd000 	/System/Library/PrivateFrameworks/APFS.framework/Versions/A/APFS
0x000000002b7fd000 	/usr/lib/libutil.dylib
0x000000002b7fd000 	/System/Library/PrivateFrameworks/AppleSauce.framework/Versions/A/AppleSauce
0x000000002b7fd000 	/System/Library/PrivateFrameworks/LinguisticData.framework/Versions/A/LinguisticData
0x000000002b7fd000 	/usr/lib/libmarisa.dylib
0x000000002b7fd000 	/System/Library/PrivateFrameworks/Lexicon.framework/Versions/A/Lexicon
0x000000002b7fd000 	/usr/lib/libChineseTokenizer.dylib
0x000000002b7fd000 	/usr/lib/libcmph.dylib
0x000000002b7fd000 	/System/Library/PrivateFrameworks/LanguageModeling.framework/Versions/A/LanguageModeling
0x000000002b7fd000 	/System/Library/PrivateFrameworks/CoreEmoji.framework/Versions/A/CoreEmoji
0x000000002b7fd000 	/System/Library/Frameworks/ServiceManagement.framework/Versions/A/ServiceManagement
0x000000002b7fd000 	/System/Library/PrivateFrameworks/BackgroundTaskManagement.framework/Versions/A/BackgroundTaskManagement
0x000000002b7fd000 	/usr/lib/libxslt.1.dylib
0x000000002b7fd000 	/System/Library/Frameworks/Carbon.framework/Versions/A/Frameworks/Ink.framework/Versions/A/Ink
0x000000002b7fd000 	/System/Library/PrivateFrameworks/TextureIO.framework/Versions/A/TextureIO
0x000000002b7fd000 	/usr/lib/libate.dylib
0x000000002b7fd000 	/System/Library/PrivateFrameworks/CrashReporterSupport.framework/Versions/A/CrashReporterSupport
0x000000002b7fd000 	/System/Library/PrivateFrameworks/Sharing.framework/Versions/A/Sharing
0x000000002b7fd000 	/System/Library/PrivateFrameworks/IconServices.framework/Versions/A/IconServices
0x000000002b7fd000 	/System/Library/PrivateFrameworks/ProtocolBuffer.framework/Versions/A/ProtocolBuffer
0x000000002b7fd000 	/System/Library/PrivateFrameworks/Apple80211.framework/Versions/A/Apple80211
0x000000002b7fd000 	/System/Library/Frameworks/CoreWLAN.framework/Versions/A/CoreWLAN
0x000000002b7fd000 	/System/Library/PrivateFrameworks/CoreUtils.framework/Versions/A/CoreUtils
0x000000002b7fd000 	/System/Library/Frameworks/IOBluetooth.framework/Versions/A/IOBluetooth
0x000000002b7fd000 	/System/Library/PrivateFrameworks/CoreWiFi.framework/Versions/A/CoreWiFi
0x000000002b7fd000 	/System/Library/Frameworks/CoreBluetooth.framework/Versions/A/CoreBluetooth
0x000000002b7fd000 	/System/Library/PrivateFrameworks/SignpostNotification.framework/Versions/A/SignpostNotification
0x000000002b7fd000 	/System/Library/PrivateFrameworks/DebugSymbols.framework/Versions/A/DebugSymbols
0x000000002b7fd000 	/System/Library/PrivateFrameworks/CoreSymbolication.framework/Versions/A/CoreSymbolication
0x000000002b7fd000 	/System/Library/PrivateFrameworks/Symbolication.framework/Versions/A/Symbolication
0x000000002b7fd000 	/System/Library/PrivateFrameworks/AppleFSCompression.framework/Versions/A/AppleFSCompression
0x000000002b7fd000 	/System/Library/PrivateFrameworks/SpeechRecognitionCore.framework/Versions/A/SpeechRecognitionCore
0x0000000109200000 	/Library/Java/JavaVirtualMachines/jdk1.8.0_111.jdk/Contents/Home/jre/lib/server/libjvm.dylib
0x000000002b7fd000 	/usr/lib/libstdc++.6.0.9.dylib
0x00000001081b5000 	/Library/Java/JavaVirtualMachines/jdk1.8.0_111.jdk/Contents/Home/jre/lib/libverify.dylib
0x00000001081c3000 	/Library/Java/JavaVirtualMachines/jdk1.8.0_111.jdk/Contents/Home/jre/lib/libjava.dylib
0x000000010a1a1000 	/Library/Java/JavaVirtualMachines/jdk1.8.0_111.jdk/Contents/Home/jre/lib/libinstrument.dylib
0x000000010a23d000 	/Library/Java/JavaVirtualMachines/jdk1.8.0_111.jdk/Contents/Home/jre/lib/libzip.dylib
0x000000002b7fd000 	/System/Library/Frameworks/JavaVM.framework/Versions/A/Frameworks/JavaRuntimeSupport.framework/Versions/A/JavaRuntimeSupport
0x000000002b7fd000 	/System/Library/Frameworks/JavaVM.framework/Versions/A/Frameworks/JavaNativeFoundation.framework/Versions/A/JavaNativeFoundation
0x000000002b7fd000 	/System/Library/Frameworks/JavaVM.framework/Versions/A/JavaVM
0x000000002b7fd000 	/System/Library/Frameworks/Carbon.framework/Versions/A/Carbon
0x000000002b7fd000 	/System/Library/PrivateFrameworks/JavaLaunching.framework/Versions/A/JavaLaunching
0x000000002b7fd000 	/System/Library/Frameworks/Carbon.framework/Versions/A/Frameworks/CommonPanels.framework/Versions/A/CommonPanels
0x000000002b7fd000 	/System/Library/Frameworks/Carbon.framework/Versions/A/Frameworks/Help.framework/Versions/A/Help
0x000000002b7fd000 	/System/Library/Frameworks/Carbon.framework/Versions/A/Frameworks/ImageCapture.framework/Versions/A/ImageCapture
0x000000002b7fd000 	/System/Library/Frameworks/Carbon.framework/Versions/A/Frameworks/OpenScripting.framework/Versions/A/OpenScripting
0x000000002b7fd000 	/System/Library/Frameworks/Carbon.framework/Versions/A/Frameworks/Print.framework/Versions/A/Print
0x000000002b7fd000 	/System/Library/Frameworks/Carbon.framework/Versions/A/Frameworks/SecurityHI.framework/Versions/A/SecurityHI
0x0000000126e7c000 	/Library/Java/JavaVirtualMachines/jdk1.8.0_111.jdk/Contents/Home/jre/lib/libnet.dylib
0x0000000126f71000 	/Library/Java/JavaVirtualMachines/jdk1.8.0_111.jdk/Contents/Home/jre/lib/libprism_es2.dylib
0x000000002b7fd000 	/System/Library/PrivateFrameworks/CoreServicesInternal.framework/Versions/A/CoreServicesInternal
0x000000002b7fd000 	/System/Library/Frameworks/OpenGL.framework/Versions/A/Resources/GLEngine.bundle/GLEngine
0x000000002b7fd000 	/System/Library/Frameworks/OpenGL.framework/Versions/A/Libraries/libGLProgrammability.dylib
0x000000012701b000 	/System/Library/Extensions/AppleIntelHD5000GraphicsGLDriver.bundle/Contents/MacOS/AppleIntelHD5000GraphicsGLDriver
0x000000002b7fd000 	/System/Library/PrivateFrameworks/GPUSupport.framework/Versions/A/Libraries/libGPUSupportMercury.dylib
0x0000000127785000 	/System/Library/Extensions/AMDRadeonX4000GLDriver.bundle/Contents/MacOS/AMDRadeonX4000GLDriver
0x000000002b7fd000 	/System/Library/Extensions/AMDRadeonX4000GLDriver.bundle/Contents/MacOS/ATIRadeonX4000SCLib.dylib
0x000000002b7fd000 	/System/Library/Frameworks/OpenGL.framework/Versions/A/Resources/GLRendererFloat.bundle/GLRendererFloat
0x000000002b7fd000 	/System/Library/Frameworks/OpenCL.framework/Versions/A/Libraries/libcldcpuengine.dylib
0x000000002b7fd000 	/usr/lib/libcrypto.35.dylib
0x000000002b7fd000 	/System/Library/PrivateFrameworks/TrustEvaluationAgent.framework/Versions/A/TrustEvaluationAgent
0x00000001278ed000 	/Library/Java/JavaVirtualMachines/jdk1.8.0_111.jdk/Contents/Home/jre/lib/libglass.dylib
0x000000002b7fd000 	/System/Library/CoreServices/RawCamera.bundle/Contents/MacOS/RawCamera
0x000000002b7fd000 	/System/Library/PrivateFrameworks/MobileAsset.framework/Versions/A/MobileAsset
0x000000002b7fd000 	/System/Library/PrivateFrameworks/StreamingZip.framework/Versions/A/StreamingZip
0x000000002b7fd000 	/System/Library/Frameworks/MediaToolbox.framework/Versions/A/MediaToolbox
0x000000002b7fd000 	/System/Library/PrivateFrameworks/CoreAVCHD.framework/Versions/A/CoreAVCHD
0x000000002b7fd000 	/System/Library/Frameworks/MediaAccessibility.framework/Versions/A/MediaAccessibility
0x000000002b7fd000 	/System/Library/PrivateFrameworks/Mangrove.framework/Versions/A/Mangrove
0x000000002b7fd000 	/System/Library/Frameworks/CoreMedia.framework/Versions/A/CoreMedia
0x000000002b7fd000 	/System/Library/Frameworks/VideoToolbox.framework/Versions/A/VideoToolbox
0x000000002b7fd000 	/System/Library/PrivateFrameworks/CoreAUC.framework/Versions/A/CoreAUC
0x000000002b7fd000 	/usr/lib/libspindump.dylib
0x000000002b7fd000 	/usr/lib/libdscsym.dylib
0x000000002b7fd000 	/System/Library/PrivateFrameworks/AppleVA.framework/Versions/A/AppleVA
0x000000002b7fd000 	/System/Library/Frameworks/Accelerate.framework/Versions/A/Frameworks/vImage.framework/Versions/A/Libraries/libCGInterfaces.dylib
0x000000002b7fd000 	/System/Library/PrivateFrameworks/FamilyControls.framework/Versions/A/FamilyControls
0x000000002b7fd000 	/System/Library/PrivateFrameworks/CommerceKit.framework/Versions/A/Frameworks/CommerceCore.framework/Versions/A/CommerceCore
0x000000002b7fd000 	/System/Library/PrivateFrameworks/SystemAdministration.framework/Versions/A/SystemAdministration
0x000000002b7fd000 	/System/Library/PrivateFrameworks/AppContainer.framework/Versions/A/AppContainer
0x000000002b7fd000 	/System/Library/PrivateFrameworks/SecCodeWrapper.framework/Versions/A/SecCodeWrapper
0x000000002b7fd000 	/System/Library/PrivateFrameworks/DiskManagement.framework/Versions/A/DiskManagement
0x000000002b7fd000 	/System/Library/Frameworks/DirectoryService.framework/Versions/A/DirectoryService
0x000000002b7fd000 	/System/Library/PrivateFrameworks/DiskImages.framework/Versions/A/DiskImages
0x000000002b7fd000 	/System/Library/PrivateFrameworks/LoginUIKit.framework/Versions/A/Frameworks/LoginUICore.framework/Versions/A/LoginUICore
0x000000002b7fd000 	/usr/lib/libCoreStorage.dylib
0x000000002b7fd000 	/usr/lib/libcsfde.dylib
0x000000002b7fd000 	/usr/lib/libodfde.dylib
0x000000002b7fd000 	/System/Library/PrivateFrameworks/MediaKit.framework/Versions/A/MediaKit
0x000000002b7fd000 	/System/Library/Frameworks/DiscRecording.framework/Versions/A/DiscRecording
0x000000002b7fd000 	/System/Library/PrivateFrameworks/EFILogin.framework/Versions/A/EFILogin
0x000000002b7fd000 	/System/Library/PrivateFrameworks/ProtectedCloudStorage.framework/Versions/A/ProtectedCloudStorage
0x000000002b7fd000 	/usr/lib/libcurl.4.dylib
0x000000002b7fd000 	/usr/lib/libssl.35.dylib
0x000000002b7fd000 	/System/Library/Frameworks/LDAP.framework/Versions/A/LDAP
0x000000002b7fd000 	/usr/lib/libsasl2.2.dylib
0x000000002b7fd000 	/System/Library/PrivateFrameworks/CoreDaemon.framework/Versions/B/CoreDaemon
0x000000002b7fd000 	/System/Library/PrivateFrameworks/AppleSRP.framework/Versions/A/AppleSRP
0x0000000127ea7000 	/Library/Java/JavaVirtualMachines/jdk1.8.0_111.jdk/Contents/Home/jre/lib/libjavafx_font.dylib
0x000000002b7fd000 	/System/Library/Frameworks/ApplicationServices.framework/Versions/A/Frameworks/ATS.framework/Versions/A/Resources/libTrueTypeScaler.dylib
0x0000000127eb1000 	/Library/Java/JavaVirtualMachines/jdk1.8.0_111.jdk/Contents/Home/jre/lib/libnio.dylib
0x000000012e17e000 	/Library/Java/JavaVirtualMachines/jdk1.8.0_111.jdk/Contents/Home/jre/lib/libprism_common.dylib
0x000000002b7fd000 	/System/Library/Extensions/AppleIntelHD5000GraphicsMTLDriver.bundle/Contents/MacOS/AppleIntelHD5000GraphicsMTLDriver
0x000000012e1d4000 	/System/Library/Extensions/AMDMTLBronzeDriver.bundle/Contents/MacOS/AMDMTLBronzeDriver
0x000000002b7fd000 	/System/Library/PrivateFrameworks/IOAccelMemoryInfo.framework/Versions/A/IOAccelMemoryInfo
0x000000002b7fd000 	/System/Library/PrivateFrameworks/GPUCompiler.framework/Versions/3802/Libraries/libmetal_timestamp.dylib
0x000000002b7fd000 	/System/Library/PrivateFrameworks/login.framework/Versions/A/login
0x00000001303b7000 	/Library/Java/JavaVirtualMachines/jdk1.8.0_111.jdk/Contents/Home/jre/lib/libjavafx_iio.dylib
0x00000001455bb000 	/Library/Java/JavaVirtualMachines/jdk1.8.0_111.jdk/Contents/Home/jre/lib/libjfxwebkit.dylib

VM Arguments:
jvm_args: -javaagent:/Applications/IntelliJ IDEA.app/Contents/lib/idea_rt.jar=50089:/Applications/IntelliJ IDEA.app/Contents/bin -Dfile.encoding=UTF-8 
java_command: ro.unibuc.MyLibrary.main.java.Main
java_class_path (initial): /Library/Java/JavaVirtualMachines/jdk1.8.0_111.jdk/Contents/Home/jre/lib/charsets.jar:/Library/Java/JavaVirtualMachines/jdk1.8.0_111.jdk/Contents/Home/jre/lib/deploy.jar:/Library/Java/JavaVirtualMachines/jdk1.8.0_111.jdk/Contents/Home/jre/lib/ext/cldrdata.jar:/Library/Java/JavaVirtualMachines/jdk1.8.0_111.jdk/Contents/Home/jre/lib/ext/dnsns.jar:/Library/Java/JavaVirtualMachines/jdk1.8.0_111.jdk/Contents/Home/jre/lib/ext/jaccess.jar:/Library/Java/JavaVirtualMachines/jdk1.8.0_111.jdk/Contents/Home/jre/lib/ext/jfxrt.jar:/Library/Java/JavaVirtualMachines/jdk1.8.0_111.jdk/Contents/Home/jre/lib/ext/localedata.jar:/Library/Java/JavaVirtualMachines/jdk1.8.0_111.jdk/Contents/Home/jre/lib/ext/nashorn.jar:/Library/Java/JavaVirtualMachines/jdk1.8.0_111.jdk/Contents/Home/jre/lib/ext/sunec.jar:/Library/Java/JavaVirtualMachines/jdk1.8.0_111.jdk/Contents/Home/jre/lib/ext/sunjce_provider.jar:/Library/Java/JavaVirtualMachines/jdk1.8.0_111.jdk/Contents/Home/jre/lib/ext/sunpkcs11.jar:/Library/Java/JavaVirtualMachines/jdk1.8.0_111.jdk/Contents/Home/jre/lib/ext/zipfs.jar:/Library/Java/JavaVirtualMachines/jdk1.8.0_111.jdk/Contents/Home/jre/lib/javaws.jar:/Library/Java/JavaVirtualMachines/jdk1.8.0_111.jdk/Contents/Home/jre/lib/jce.jar:/Library/Java/JavaVirtualMachines/jdk1.8.0_111.jdk/Contents/Home/jre/lib/jfr.jar:/Library/Java/JavaVirtualMachines/jdk1.8.0_111.jdk/Contents/Home/jre/lib/jfxswt.jar:/Library/Java/JavaVirtualMachines/jdk1.8.0_111.jdk/Contents/Home/jre/lib/jsse.jar:/Library/Java/JavaVirtualMachines/jdk1.8.0_111.jdk/Contents/Home/jre/lib/management-agent.jar:/Library/Java/JavaVirtualMachines/jdk1.8.0_111.jdk/Contents/Home/jre/lib/plugin.jar:/Library/Java/JavaVirtualMachines/jdk1.8.0_111.jdk/Contents/Home/jre/lib/resources.jar:/Library/Java/JavaVirtualMachines/jdk1.8.0_111.jdk/Contents/Home/jre/lib/rt.jar:/Library/Java/JavaVirtualMachines/jdk1.8.0_111.jdk/Contents/Home/lib/ant-javafx.jar:/Library/Java/JavaVirtualMachines/jdk1.8.0_111.jdk/Contents/Home
Launcher Type: SUN_STANDARD

Environment Variables:
PATH=/usr/local/bin:/usr/bin:/bin:/usr/sbin:/sbin
SHELL=/bin/bash

Signal Handlers:
SIGSEGV: [libjvm.dylib+0x5b03ed], sa_mask[0]=11111111011111110111111111111111, sa_flags=SA_ONSTACK|SA_RESTART|SA_SIGINFO
SIGBUS: [libjvm.dylib+0x5b03ed], sa_mask[0]=11111111011111110111111111111111, sa_flags=SA_RESTART|SA_SIGINFO
SIGFPE: [libjvm.dylib+0x48711c], sa_mask[0]=11111111011111110111111111111111, sa_flags=SA_RESTART|SA_SIGINFO
SIGPIPE: [libjvm.dylib+0x48711c], sa_mask[0]=11111111011111110111111111111111, sa_flags=SA_RESTART|SA_SIGINFO
SIGXFSZ: [libjvm.dylib+0x48711c], sa_mask[0]=11111111011111110111111111111111, sa_flags=SA_RESTART|SA_SIGINFO
SIGILL: [libjvm.dylib+0x48711c], sa_mask[0]=11111111011111110111111111111111, sa_flags=SA_RESTART|SA_SIGINFO
SIGUSR1: SIG_DFL, sa_mask[0]=00000000000000000000000000000000, sa_flags=none
SIGUSR2: [libjvm.dylib+0x486c3a], sa_mask[0]=00100000000000000000000000000000, sa_flags=SA_RESTART|SA_SIGINFO
SIGHUP: [libjvm.dylib+0x485211], sa_mask[0]=11111111011111110111111111111111, sa_flags=SA_RESTART|SA_SIGINFO
SIGINT: [libjvm.dylib+0x485211], sa_mask[0]=11111111011111110111111111111111, sa_flags=SA_RESTART|SA_SIGINFO
SIGTERM: [libjvm.dylib+0x485211], sa_mask[0]=11111111011111110111111111111111, sa_flags=SA_RESTART|SA_SIGINFO
SIGQUIT: [libjvm.dylib+0x485211], sa_mask[0]=11111111011111110111111111111111, sa_flags=SA_RESTART|SA_SIGINFO


---------------  S Y S T E M  ---------------

OS:Bsduname:Darwin 17.4.0 Darwin Kernel Version 17.4.0: Sun Dec 17 09:19:54 PST 2017; root:xnu-4570.41.2~1/RELEASE_X86_64 x86_64
rlimit: STACK 8192k, CORE 0k, NPROC 1418, NOFILE 10240, AS infinity
load average:2.71 3.07 3.03

CPU:total 8 (4 cores per cpu, 2 threads per core) family 6 model 70 stepping 1, cmov, cx8, fxsr, mmx, sse, sse2, sse3, ssse3, sse4.1, sse4.2, popcnt, avx, avx2, aes, clmul, erms, lzcnt, ht, tsc, tscinvbit, bmi1, bmi2

Memory: 4k page, physical 16777216k(3524664k free)

/proc/meminfo:


vm_info: Java HotSpot(TM) 64-Bit Server VM (25.111-b14) for bsd-amd64 JRE (1.8.0_111-b14), built on Sep 22 2016 15:31:41 by "java_re" with gcc 4.2.1 (Based on Apple Inc. build 5658) (LLVM build 2336.11.00)

time: Wed Apr  4 14:49:57 2018
elapsed time: 139 seconds (0d 0h 2m 19s)

